<?xml version="1.0" encoding="UTF-8"?>
<!-- Generated by org.testng.reporters.JUnitXMLReporter -->
<testsuite ignored="0" hostname="PNQ1-LP2VSVXD3" failures="0" tests="2" name="Regression Testing" time="16.36" errors="0" timestamp="2022-07-01T12:57:11 IST">
  <testcase classname="io.cucumber.testng.AbstractTestNGCucumberTests" name="runScenario" time="0.101"/>
  <testcase classname="io.cucumber.testng.AbstractTestNGCucumberTests" name="runScenario" time="15.963"/>
</testsuite> <!-- Regression Testing -->
